{
  "RSpec": {
    "coverage": {
      "/Users/daRice/workspace/reachjobs/app/models/user.rb": [
        1,
        null,
        null,
        null,
        1,
        null,
        1,
        null,
        null,
        null,
        1,
        1,
        null,
        1,
        1,
        1,
        1,
        null,
        null
      ],
      "/Users/daRice/workspace/reachjobs/app/controllers/application_controller.rb": [
        1,
        1,
        null
      ],
      "/Users/daRice/workspace/reachjobs/app/helpers/application_helper.rb": [
        1,
        null,
        null,
        1,
        0,
        0,
        null,
        null,
        null,
        1,
        0,
        null,
        null,
        1,
        0,
        0,
        0,
        null,
        0,
        null,
        null,
        1,
        0,
        null,
        null,
        null
      ],
      "/Users/daRice/workspace/reachjobs/app/helpers/aboutus_helper.rb": [
        1,
        null
      ],
      "/Users/daRice/workspace/reachjobs/app/helpers/contacts_helper.rb": [
        1,
        null
      ],
      "/Users/daRice/workspace/reachjobs/app/helpers/galleries_helper.rb": [
        1,
        null
      ],
      "/Users/daRice/workspace/reachjobs/app/helpers/hobbies_helper.rb": [
        1,
        null
      ],
      "/Users/daRice/workspace/reachjobs/app/helpers/home_helper.rb": [
        1,
        null
      ],
      "/Users/daRice/workspace/reachjobs/app/helpers/languages_helper.rb": [
        1,
        null
      ],
      "/Users/daRice/workspace/reachjobs/app/helpers/pictures_helper.rb": [
        1,
        null
      ],
      "/Users/daRice/workspace/reachjobs/app/helpers/profiles_helper.rb": [
        1,
        null
      ],
      "/Users/daRice/workspace/reachjobs/app/helpers/projects_helper.rb": [
        1,
        null
      ],
      "/Users/daRice/workspace/reachjobs/app/helpers/recommendations_helper.rb": [
        1,
        null
      ],
      "/Users/daRice/workspace/reachjobs/app/helpers/schools_helper.rb": [
        1,
        null
      ],
      "/Users/daRice/workspace/reachjobs/app/helpers/skillcategories_helper.rb": [
        1,
        null
      ],
      "/Users/daRice/workspace/reachjobs/app/helpers/skills_helper.rb": [
        1,
        null
      ],
      "/Users/daRice/workspace/reachjobs/app/helpers/socialnetworks_helper.rb": [
        1,
        null
      ],
      "/Users/daRice/workspace/reachjobs/app/helpers/workexperiences_helper.rb": [
        1,
        null
      ],
      "/Users/daRice/workspace/reachjobs/app/controllers/aboutus_controller.rb": [
        1,
        1,
        null,
        null
      ],
      "/Users/daRice/workspace/reachjobs/app/controllers/contacts_controller.rb": [
        1,
        1,
        0,
        null,
        null,
        1,
        0,
        0,
        0,
        0,
        0,
        null,
        0,
        0,
        null,
        null,
        null
      ],
      "/Users/daRice/workspace/reachjobs/app/models/contact.rb": [
        1,
        null,
        1,
        1,
        null
      ],
      "/Users/daRice/workspace/reachjobs/app/controllers/galleries_controller.rb": [
        1,
        1,
        0,
        0,
        0,
        null,
        null,
        1,
        0,
        0,
        0,
        null,
        0,
        0,
        null,
        null,
        null,
        1,
        0,
        0,
        0,
        null,
        null,
        null,
        1,
        0,
        0,
        0,
        null,
        0,
        0,
        null,
        null,
        null,
        1,
        0,
        0,
        0,
        0,
        0,
        null,
        null,
        null,
        1,
        0,
        null,
        null,
        1,
        0,
        null,
        null,
        1,
        0,
        0,
        null,
        null
      ],
      "/Users/daRice/workspace/reachjobs/app/models/gallery.rb": [
        1,
        1,
        1,
        null,
        1,
        null,
        1,
        1,
        null,
        1,
        1,
        1,
        null,
        1,
        null,
        1,
        1,
        1,
        null,
        1,
        null,
        1,
        1,
        5,
        5,
        null,
        6,
        null,
        5,
        null,
        null
      ],
      "/Users/daRice/workspace/reachjobs/app/controllers/hobbies_controller.rb": [
        1,
        1,
        0,
        null,
        null,
        1,
        0,
        0,
        0,
        null,
        0,
        0,
        null,
        null,
        null,
        1,
        0,
        null,
        null,
        1,
        0,
        0,
        0,
        null,
        0,
        0,
        null,
        null,
        null,
        1,
        0,
        0,
        0,
        0,
        0,
        null,
        null,
        null
      ],
      "/Users/daRice/workspace/reachjobs/app/models/hobby.rb": [
        1,
        1,
        null,
        1,
        null,
        1,
        null,
        1,
        null
      ],
      "/Users/daRice/workspace/reachjobs/app/controllers/home_controller.rb": [
        1,
        null
      ],
      "/Users/daRice/workspace/reachjobs/app/controllers/languages_controller.rb": [
        1,
        1,
        0,
        null,
        null,
        1,
        0,
        0,
        0,
        null,
        0,
        0,
        null,
        null,
        null,
        1,
        0,
        null,
        null,
        1,
        0,
        0,
        0,
        null,
        0,
        0,
        null,
        null,
        null,
        1,
        0,
        0,
        0,
        0,
        0,
        null,
        null,
        null
      ],
      "/Users/daRice/workspace/reachjobs/app/models/language.rb": [
        1,
        1,
        null,
        1,
        null,
        1,
        null,
        1,
        null
      ],
      "/Users/daRice/workspace/reachjobs/app/controllers/pictures_controller.rb": [
        1,
        1,
        0,
        0,
        0,
        0,
        null,
        0,
        null,
        null,
        null,
        null,
        1,
        0,
        0,
        0,
        null,
        null,
        null,
        1,
        0,
        0,
        0,
        0,
        0,
        null,
        null,
        null
      ],
      "/Users/daRice/workspace/reachjobs/app/models/picture.rb": [
        1,
        1,
        null,
        1,
        null,
        1,
        null,
        1,
        1,
        1,
        null
      ],
      "/Users/daRice/workspace/reachjobs/app/controllers/profiles_controller.rb": [
        1,
        1,
        1,
        null,
        null,
        1,
        0,
        0,
        null,
        0,
        0,
        0,
        0,
        0,
        null,
        0,
        0,
        null,
        null,
        null,
        1,
        0,
        null,
        null,
        1,
        0,
        null,
        null,
        1,
        0,
        0,
        0,
        null,
        0,
        0,
        0,
        null,
        null,
        null,
        null,
        null
      ],
      "/Users/daRice/workspace/reachjobs/app/models/profile.rb": [
        1,
        null,
        1,
        null,
        1,
        null,
        1,
        1,
        1,
        null,
        1,
        1,
        1,
        1,
        1,
        1,
        1,
        1,
        1,
        null,
        1,
        1,
        1,
        null,
        null
      ],
      "/Users/daRice/workspace/reachjobs/app/controllers/projects_controller.rb": [
        1,
        1,
        0,
        0,
        0,
        null,
        null,
        1,
        0,
        0,
        0,
        null,
        0,
        0,
        null,
        null,
        null,
        1,
        0,
        0,
        0,
        null,
        null,
        1,
        0,
        0,
        0,
        null,
        0,
        0,
        null,
        null,
        null,
        1,
        0,
        0,
        0,
        0,
        0,
        null,
        null,
        null
      ],
      "/Users/daRice/workspace/reachjobs/app/models/project.rb": [
        1,
        1,
        1,
        null,
        1,
        null,
        1,
        null,
        1,
        1,
        null,
        1,
        null,
        1,
        null,
        1,
        1,
        1,
        null,
        1,
        1,
        5,
        5,
        null,
        6,
        null,
        5,
        null,
        null,
        null
      ],
      "/Users/daRice/workspace/reachjobs/app/controllers/recommendations_controller.rb": [
        1,
        1,
        0,
        null,
        null,
        1,
        0,
        0,
        0,
        null,
        0,
        0,
        null,
        null,
        null,
        1,
        0,
        null,
        null,
        1,
        0,
        0,
        0,
        null,
        0,
        0,
        null,
        null,
        null,
        1,
        0,
        0,
        0,
        0,
        0,
        null,
        null,
        null,
        null
      ],
      "/Users/daRice/workspace/reachjobs/app/models/recommendation.rb": [
        1,
        1,
        null,
        1,
        null,
        1,
        1,
        null
      ],
      "/Users/daRice/workspace/reachjobs/app/controllers/schools_controller.rb": [
        1,
        1,
        0,
        null,
        null,
        1,
        0,
        0,
        0,
        null,
        0,
        0,
        null,
        null,
        null,
        1,
        0,
        null,
        null,
        1,
        0,
        0,
        0,
        null,
        0,
        0,
        null,
        null,
        null,
        1,
        0,
        0,
        0,
        0,
        0,
        null,
        null,
        null
      ],
      "/Users/daRice/workspace/reachjobs/app/models/school.rb": [
        1,
        1,
        null,
        1,
        null,
        1,
        null,
        1,
        null
      ],
      "/Users/daRice/workspace/reachjobs/app/controllers/skillcategories_controller.rb": [
        1,
        1,
        0,
        0,
        0,
        null,
        null,
        1,
        0,
        0,
        0,
        null,
        0,
        0,
        null,
        null,
        null,
        1,
        0,
        0,
        0,
        null,
        null,
        1,
        0,
        0,
        0,
        null,
        0,
        0,
        null,
        null,
        null,
        1,
        0,
        0,
        0,
        0,
        0,
        null,
        null,
        null
      ],
      "/Users/daRice/workspace/reachjobs/app/models/skillcategory.rb": [
        1,
        1,
        null,
        1,
        null,
        1,
        null,
        1,
        null,
        1,
        1,
        1,
        null,
        1,
        1,
        4,
        4,
        null,
        6,
        null,
        4,
        null,
        null,
        null
      ],
      "/Users/daRice/workspace/reachjobs/app/controllers/skills_controller.rb": [
        1,
        null
      ],
      "/Users/daRice/workspace/reachjobs/app/models/skill.rb": [
        1,
        null,
        1,
        null,
        1,
        1,
        1,
        1,
        1,
        null,
        null
      ],
      "/Users/daRice/workspace/reachjobs/app/controllers/socialnetworks_controller.rb": [
        1,
        1,
        0,
        0,
        0,
        null,
        0,
        0,
        null,
        null,
        null,
        1,
        0,
        0,
        null,
        0,
        0,
        0,
        null,
        null,
        null
      ],
      "/Users/daRice/workspace/reachjobs/app/models/socialnetwork.rb": [
        1,
        1,
        null,
        1,
        1,
        1,
        1,
        null
      ],
      "/Users/daRice/workspace/reachjobs/app/controllers/workexperiences_controller.rb": [
        1,
        1,
        0,
        0,
        0,
        null,
        null,
        1,
        0,
        0,
        0,
        null,
        0,
        0,
        null,
        null,
        null,
        1,
        0,
        0,
        0,
        null,
        null,
        1,
        0,
        0,
        0,
        null,
        0,
        0,
        null,
        null,
        null,
        1,
        0,
        0,
        0,
        0,
        0,
        null,
        null,
        null
      ],
      "/Users/daRice/workspace/reachjobs/app/models/workexperience.rb": [
        1,
        1,
        1,
        null,
        1,
        null,
        1,
        null,
        1,
        1,
        1,
        null,
        1,
        1,
        1,
        1,
        null,
        null,
        null,
        1,
        1,
        5,
        5,
        null,
        6,
        null,
        5,
        null,
        null
      ],
      "/Users/daRice/workspace/reachjobs/app/mailers/user_mailer.rb": [
        1,
        1,
        null,
        1,
        0,
        0,
        null,
        null
      ]
    },
    "timestamp": 1356208508
  },
  "Cucumber Features": {
    "coverage": {
      "/Users/daRice/workspace/reachjobs/app/models/user.rb": [
        1,
        null,
        null,
        null,
        1,
        null,
        1,
        null,
        null,
        null,
        1,
        1,
        null,
        1,
        1,
        1,
        1,
        null,
        null
      ],
      "/Users/daRice/workspace/reachjobs/app/controllers/application_controller.rb": [
        1,
        1,
        null
      ],
      "/Users/daRice/workspace/reachjobs/app/helpers/application_helper.rb": [
        1,
        null,
        null,
        1,
        384,
        54,
        null,
        null,
        null,
        1,
        36,
        null,
        null,
        1,
        24,
        24,
        24,
        null,
        24,
        null,
        null,
        1,
        5,
        null,
        null,
        null
      ],
      "/Users/daRice/workspace/reachjobs/app/helpers/aboutus_helper.rb": [
        1,
        null
      ],
      "/Users/daRice/workspace/reachjobs/app/helpers/contacts_helper.rb": [
        1,
        null
      ],
      "/Users/daRice/workspace/reachjobs/app/helpers/galleries_helper.rb": [
        1,
        null
      ],
      "/Users/daRice/workspace/reachjobs/app/helpers/hobbies_helper.rb": [
        1,
        null
      ],
      "/Users/daRice/workspace/reachjobs/app/helpers/home_helper.rb": [
        1,
        null
      ],
      "/Users/daRice/workspace/reachjobs/app/helpers/languages_helper.rb": [
        1,
        null
      ],
      "/Users/daRice/workspace/reachjobs/app/helpers/pictures_helper.rb": [
        1,
        null
      ],
      "/Users/daRice/workspace/reachjobs/app/helpers/profiles_helper.rb": [
        1,
        null
      ],
      "/Users/daRice/workspace/reachjobs/app/helpers/projects_helper.rb": [
        1,
        null
      ],
      "/Users/daRice/workspace/reachjobs/app/helpers/recommendations_helper.rb": [
        1,
        null
      ],
      "/Users/daRice/workspace/reachjobs/app/helpers/schools_helper.rb": [
        1,
        null
      ],
      "/Users/daRice/workspace/reachjobs/app/helpers/skillcategories_helper.rb": [
        1,
        null
      ],
      "/Users/daRice/workspace/reachjobs/app/helpers/skills_helper.rb": [
        1,
        null
      ],
      "/Users/daRice/workspace/reachjobs/app/helpers/socialnetworks_helper.rb": [
        1,
        null
      ],
      "/Users/daRice/workspace/reachjobs/app/helpers/workexperiences_helper.rb": [
        1,
        null
      ],
      "/Users/daRice/workspace/reachjobs/app/controllers/aboutus_controller.rb": [
        1,
        1,
        null,
        null
      ],
      "/Users/daRice/workspace/reachjobs/app/controllers/contacts_controller.rb": [
        1,
        1,
        5,
        null,
        null,
        1,
        3,
        3,
        2,
        2,
        2,
        null,
        1,
        1,
        null,
        null,
        null
      ],
      "/Users/daRice/workspace/reachjobs/app/models/contact.rb": [
        1,
        null,
        1,
        1,
        null
      ],
      "/Users/daRice/workspace/reachjobs/app/controllers/galleries_controller.rb": [
        1,
        1,
        2,
        2,
        2,
        null,
        null,
        1,
        2,
        2,
        1,
        null,
        1,
        1,
        null,
        null,
        null,
        1,
        2,
        2,
        4,
        null,
        null,
        null,
        1,
        2,
        2,
        1,
        null,
        1,
        1,
        null,
        null,
        null,
        1,
        1,
        1,
        1,
        1,
        1,
        null,
        null,
        null,
        1,
        5,
        null,
        null,
        1,
        1,
        null,
        null,
        1,
        8,
        8,
        null,
        null
      ],
      "/Users/daRice/workspace/reachjobs/app/models/gallery.rb": [
        1,
        1,
        1,
        null,
        1,
        null,
        1,
        1,
        null,
        1,
        1,
        1,
        null,
        7,
        null,
        1,
        1,
        1,
        null,
        1,
        null,
        1,
        1,
        23,
        23,
        null,
        15,
        null,
        23,
        null,
        null
      ],
      "/Users/daRice/workspace/reachjobs/app/controllers/hobbies_controller.rb": [
        1,
        1,
        2,
        null,
        null,
        1,
        2,
        2,
        1,
        null,
        1,
        1,
        null,
        null,
        null,
        1,
        2,
        null,
        null,
        1,
        2,
        2,
        1,
        null,
        1,
        1,
        null,
        null,
        null,
        1,
        1,
        1,
        1,
        1,
        1,
        null,
        null,
        null
      ],
      "/Users/daRice/workspace/reachjobs/app/models/hobby.rb": [
        1,
        1,
        null,
        1,
        null,
        1,
        null,
        1,
        null
      ],
      "/Users/daRice/workspace/reachjobs/app/controllers/home_controller.rb": [
        1,
        null
      ],
      "/Users/daRice/workspace/reachjobs/app/controllers/languages_controller.rb": [
        1,
        1,
        2,
        null,
        null,
        1,
        2,
        2,
        1,
        null,
        1,
        1,
        null,
        null,
        null,
        1,
        2,
        null,
        null,
        1,
        2,
        2,
        1,
        null,
        1,
        1,
        null,
        null,
        null,
        1,
        1,
        1,
        1,
        1,
        1,
        null,
        null,
        null
      ],
      "/Users/daRice/workspace/reachjobs/app/models/language.rb": [
        1,
        1,
        null,
        1,
        null,
        1,
        null,
        1,
        null
      ],
      "/Users/daRice/workspace/reachjobs/app/controllers/pictures_controller.rb": [
        1,
        1,
        2,
        2,
        2,
        1,
        null,
        1,
        null,
        null,
        null,
        null,
        1,
        2,
        2,
        1,
        null,
        null,
        null,
        1,
        1,
        1,
        1,
        1,
        1,
        null,
        null,
        null
      ],
      "/Users/daRice/workspace/reachjobs/app/models/picture.rb": [
        1,
        1,
        null,
        1,
        null,
        1,
        null,
        1,
        1,
        1,
        null
      ],
      "/Users/daRice/workspace/reachjobs/app/controllers/profiles_controller.rb": [
        1,
        1,
        1,
        null,
        null,
        1,
        102,
        47,
        null,
        55,
        55,
        55,
        55,
        1,
        null,
        55,
        55,
        null,
        null,
        null,
        1,
        3,
        null,
        null,
        1,
        3,
        null,
        null,
        1,
        3,
        1,
        1,
        null,
        2,
        2,
        2,
        null,
        null,
        null,
        null,
        null
      ],
      "/Users/daRice/workspace/reachjobs/app/models/profile.rb": [
        1,
        null,
        1,
        null,
        1,
        null,
        1,
        1,
        1,
        null,
        1,
        1,
        1,
        1,
        1,
        1,
        1,
        1,
        1,
        null,
        1,
        1,
        1,
        null,
        null
      ],
      "/Users/daRice/workspace/reachjobs/app/controllers/projects_controller.rb": [
        1,
        1,
        2,
        2,
        2,
        null,
        null,
        1,
        2,
        2,
        1,
        null,
        1,
        1,
        null,
        null,
        null,
        1,
        2,
        2,
        4,
        null,
        null,
        1,
        2,
        2,
        1,
        null,
        1,
        1,
        null,
        null,
        null,
        1,
        1,
        1,
        1,
        1,
        1,
        null,
        null,
        null
      ],
      "/Users/daRice/workspace/reachjobs/app/models/project.rb": [
        1,
        1,
        1,
        null,
        1,
        null,
        1,
        null,
        1,
        1,
        null,
        7,
        null,
        1,
        null,
        1,
        1,
        1,
        null,
        1,
        1,
        8,
        8,
        null,
        6,
        null,
        8,
        null,
        null,
        null
      ],
      "/Users/daRice/workspace/reachjobs/app/controllers/recommendations_controller.rb": [
        1,
        1,
        2,
        null,
        null,
        1,
        2,
        2,
        1,
        null,
        1,
        1,
        null,
        null,
        null,
        1,
        2,
        null,
        null,
        1,
        2,
        2,
        1,
        null,
        1,
        1,
        null,
        null,
        null,
        1,
        1,
        1,
        1,
        1,
        1,
        null,
        null,
        null,
        null
      ],
      "/Users/daRice/workspace/reachjobs/app/models/recommendation.rb": [
        1,
        1,
        null,
        1,
        null,
        1,
        1,
        null
      ],
      "/Users/daRice/workspace/reachjobs/app/controllers/schools_controller.rb": [
        1,
        1,
        2,
        null,
        null,
        1,
        2,
        2,
        1,
        null,
        1,
        1,
        null,
        null,
        null,
        1,
        2,
        null,
        null,
        1,
        2,
        2,
        1,
        null,
        1,
        1,
        null,
        null,
        null,
        1,
        1,
        1,
        1,
        1,
        1,
        null,
        null,
        null
      ],
      "/Users/daRice/workspace/reachjobs/app/models/school.rb": [
        1,
        1,
        null,
        1,
        null,
        1,
        null,
        1,
        null
      ],
      "/Users/daRice/workspace/reachjobs/app/controllers/skillcategories_controller.rb": [
        1,
        1,
        2,
        2,
        2,
        null,
        null,
        1,
        2,
        2,
        1,
        null,
        1,
        1,
        null,
        null,
        null,
        1,
        2,
        2,
        4,
        null,
        null,
        1,
        2,
        2,
        1,
        null,
        1,
        1,
        null,
        null,
        null,
        1,
        1,
        1,
        1,
        1,
        1,
        null,
        null,
        null
      ],
      "/Users/daRice/workspace/reachjobs/app/models/skillcategory.rb": [
        1,
        1,
        null,
        1,
        null,
        1,
        null,
        1,
        null,
        1,
        7,
        1,
        null,
        1,
        1,
        8,
        8,
        null,
        6,
        null,
        8,
        null,
        null,
        null
      ],
      "/Users/daRice/workspace/reachjobs/app/controllers/skills_controller.rb": [
        1,
        null
      ],
      "/Users/daRice/workspace/reachjobs/app/models/skill.rb": [
        1,
        null,
        1,
        null,
        1,
        1,
        1,
        1,
        1,
        null,
        null
      ],
      "/Users/daRice/workspace/reachjobs/app/controllers/socialnetworks_controller.rb": [
        1,
        1,
        4,
        4,
        2,
        null,
        2,
        2,
        null,
        null,
        null,
        1,
        2,
        1,
        null,
        1,
        1,
        1,
        null,
        null,
        null
      ],
      "/Users/daRice/workspace/reachjobs/app/models/socialnetwork.rb": [
        1,
        1,
        null,
        1,
        1,
        1,
        1,
        null
      ],
      "/Users/daRice/workspace/reachjobs/app/controllers/workexperiences_controller.rb": [
        1,
        1,
        2,
        2,
        2,
        null,
        null,
        1,
        2,
        2,
        1,
        null,
        1,
        1,
        null,
        null,
        null,
        1,
        2,
        2,
        4,
        null,
        null,
        1,
        2,
        2,
        1,
        null,
        1,
        1,
        null,
        null,
        null,
        1,
        1,
        1,
        1,
        1,
        1,
        null,
        null,
        null
      ],
      "/Users/daRice/workspace/reachjobs/app/models/workexperience.rb": [
        1,
        1,
        1,
        null,
        1,
        null,
        1,
        null,
        1,
        1,
        7,
        null,
        1,
        1,
        1,
        1,
        null,
        null,
        null,
        1,
        1,
        8,
        8,
        null,
        6,
        null,
        8,
        null,
        null
      ],
      "/Users/daRice/workspace/reachjobs/app/mailers/user_mailer.rb": [
        1,
        1,
        null,
        1,
        2,
        2,
        null,
        null
      ]
    },
    "timestamp": 1356208597
  }
}
